<?xml version="1.0" encoding="UTF-8"?>
<!-- Generated by org.testng.reporters.JUnitReportReporter -->
<testsuite hostname="Vinod" failures="0" tests="1" name="com.hrms.testscripts.TC_002" time="112.174" errors="0" timestamp="14 Dec 2022 12:55:15 GMT">
  <testcase classname="com.hrms.testscripts.TC_002" name="m1" time="112.174"/>
</testsuite> <!-- com.hrms.testscripts.TC_002 -->
